 &plot nbnd=   4, nks=   365 /
            0.000000  0.000000  0.000000
  -18.898   -6.661   -1.994   -1.994
            0.008772  0.005064  0.000000
  -18.896   -6.659   -2.002   -1.998
            0.017544  0.010129  0.000000
  -18.890   -6.652   -2.026   -2.010
            0.026316  0.015193  0.000000
  -18.881   -6.644   -2.147   -2.064
            0.035088  0.020258  0.000000
  -18.868   -6.652   -2.203   -2.093
            0.043860  0.025322  0.000000
  -18.852   -6.631   -2.256   -2.129
            0.052632  0.030387  0.000000
  -18.831   -6.607   -2.341   -2.172
            0.061404  0.035451  0.000000
  -18.807   -6.579   -2.438   -2.221
            0.070175  0.040516  0.000000
  -18.779   -6.546   -2.549   -2.277
            0.078947  0.045580  0.000000
  -18.748   -6.505   -2.665   -2.315
            0.087719  0.050645  0.000000
  -18.712   -6.464   -2.800   -2.382
            0.096491  0.055709  0.000000
  -18.673   -6.417   -2.905   -2.449
            0.105263  0.060774  0.000000
  -18.631   -6.367   -3.063   -2.525
            0.114035  0.065838  0.000000
  -18.584   -6.313   -3.231   -2.605
            0.122807  0.070903  0.000000
  -18.534   -6.255   -3.372   -2.735
            0.131579  0.075967  0.000000
  -18.481   -6.192   -3.559   -2.823
            0.140351  0.081032  0.000000
  -18.424   -6.125   -3.752   -2.913
            0.149123  0.086096  0.000000
  -18.364   -6.053   -3.955   -3.005
            0.157895  0.091161  0.000000
  -18.300   -5.978   -4.160   -3.098
            0.166667  0.096225  0.000000
  -18.231   -5.898   -4.371   -3.192
            0.175439  0.101290  0.000000
  -18.159   -5.814   -4.558   -3.282
            0.184211  0.106354  0.000000
  -18.084   -5.728   -4.820   -3.380
            0.192982  0.111418  0.000000
  -18.008   -5.636   -5.050   -3.475
            0.201754  0.116483  0.000000
  -17.925   -5.540   -5.278   -3.570
            0.210526  0.121547  0.000000
  -17.839   -5.509   -5.440   -3.665
            0.219298  0.126612  0.000000
  -17.749   -5.705   -5.331   -3.745
            0.228070  0.131676  0.000000
  -17.656   -5.927   -5.225   -3.866
            0.236842  0.136741  0.000000
  -17.559   -6.157   -5.113   -3.957
            0.245614  0.141805  0.000000
  -17.458   -6.398   -4.998   -4.047
            0.254386  0.146870  0.000000
  -17.354   -6.639   -4.878   -4.136
            0.263158  0.151934  0.000000
  -17.247   -6.881   -4.756   -4.223
            0.271930  0.156999  0.000000
  -17.139   -7.099   -4.630   -4.297
            0.280702  0.162063  0.000000
  -17.025   -7.342   -4.501   -4.380
            0.289474  0.167128  0.000000
  -16.908   -7.558   -4.462   -4.365
            0.298246  0.172192  0.000000
  -16.788   -7.803   -4.540   -4.231
            0.307018  0.177257  0.000000
  -16.663   -8.045   -4.616   -4.092
            0.315789  0.182321  0.000000
  -16.536   -8.287   -4.689   -3.950
            0.324561  0.187386  0.000000
  -16.408   -8.528   -4.771   -3.805
            0.333333  0.192450  0.000000
  -16.274   -8.767   -4.839   -3.658
            0.342105  0.197515  0.000000
  -16.136   -9.005   -4.903   -3.509
            0.350877  0.202579  0.000000
  -15.994   -9.237   -4.964   -3.331
            0.359649  0.207644  0.000000
  -15.850   -9.459   -5.000   -3.164
            0.368421  0.212708  0.000000
  -15.703   -9.691   -5.055   -3.010
            0.377193  0.217772  0.000000
  -15.559   -9.925   -5.107   -2.858
            0.385965  0.222837  0.000000
  -15.408  -10.168   -5.156   -2.710
            0.394737  0.227901  0.000000
  -15.253  -10.392   -5.201   -2.557
            0.403509  0.232966  0.000000
  -15.096  -10.614   -5.243   -2.405
            0.412281  0.238030  0.000000
  -14.937  -10.832   -5.281   -2.256
            0.421053  0.243095  0.000000
  -14.776  -11.047   -5.315   -2.111
            0.429825  0.248159  0.000000
  -14.618  -11.257   -5.361   -1.972
            0.438596  0.253224  0.000000
  -14.456  -11.462   -5.388   -1.840
            0.447368  0.258288  0.000000
  -14.294  -11.661   -5.412   -1.717
            0.456140  0.263353  0.000000
  -14.135  -11.851   -5.432   -1.605
            0.464912  0.268417  0.000000
  -13.981  -12.030   -5.448   -1.509
            0.473684  0.273482  0.000000
  -13.839  -12.191   -5.461   -1.429
            0.482456  0.278546  0.000000
  -13.718  -12.316   -5.470   -1.366
            0.491228  0.283611  0.000000
  -13.632  -12.410   -5.475   -1.329
            0.500000  0.288675  0.000000
  -13.598  -12.444   -5.451   -1.317
            0.494949  0.297423  0.000000
  -13.599  -12.443   -5.485   -1.315
            0.489899  0.306171  0.000000
  -13.594  -12.439   -5.511   -1.308
            0.484848  0.314918  0.000000
  -13.586  -12.431   -5.553   -1.297
            0.479798  0.323666  0.000000
  -13.573  -12.417   -5.565   -1.280
            0.474747  0.332414  0.000000
  -13.559  -12.403   -5.641   -1.260
            0.469697  0.341162  0.000000
  -13.541  -12.386   -5.731   -1.235
            0.464646  0.349909  0.000000
  -13.524  -12.370   -5.852   -1.209
            0.459596  0.358657  0.000000
  -13.500  -12.347   -5.969   -1.175
            0.454545  0.367405  0.000000
  -13.472  -12.318   -6.086   -1.137
            0.449495  0.376152  0.000000
  -13.441  -12.290   -6.226   -1.094
            0.444444  0.384900  0.000000
  -13.407  -12.257   -6.371   -1.048
            0.439394  0.393648  0.000000
  -13.371  -12.223   -6.531   -0.996
            0.434343  0.402396  0.000000
  -13.332  -12.187   -6.702   -0.963
            0.429293  0.411143  0.000000
  -13.288  -12.149   -6.899   -0.903
            0.424242  0.419891  0.000000
  -13.242  -12.108   -7.077   -0.839
            0.419192  0.428639  0.000000
  -13.192  -12.065   -7.234   -0.770
            0.414141  0.437387  0.000000
  -13.139  -12.020   -7.422   -0.697
            0.409091  0.446134  0.000000
  -13.083  -11.974   -7.612   -0.619
            0.404040  0.454882  0.000000
  -13.023  -11.926   -7.803   -0.538
            0.398990  0.463630  0.000000
  -12.969  -11.885   -8.009   -0.486
            0.393939  0.472377  0.000000
  -12.904  -11.838   -8.200   -0.396
            0.388889  0.481125  0.000000
  -12.835  -11.791   -8.389   -0.301
            0.383838  0.489873  0.000000
  -12.763  -11.746   -8.573   -0.203
            0.378788  0.498621  0.000000
  -12.688  -11.704   -8.753   -0.100
            0.373737  0.507368  0.000000
  -12.610  -11.667   -8.903    0.008
            0.368687  0.516116  0.000000
  -12.528  -11.638   -9.066    0.119
            0.363636  0.524864  0.000000
  -12.443  -11.618   -9.216    0.235
            0.358586  0.533612  0.000000
  -12.348  -11.603   -9.310    0.398
            0.353535  0.542359  0.000000
  -12.257  -11.614   -9.423    0.522
            0.348485  0.551107  0.000000
  -12.163  -11.641   -9.497    0.649
            0.343434  0.559855  0.000000
  -12.065  -11.691   -9.555    0.781
            0.338384  0.568603  0.000000
  -11.964  -11.765   -9.594    0.917
            0.333333  0.577350  0.000000
  -11.860  -11.860   -9.607    1.057
            0.328358  0.568733  0.000000
  -11.973  -11.755   -9.595    0.915
            0.323383  0.560116  0.000000
  -12.102  -11.646   -9.563    0.767
            0.318408  0.551499  0.000000
  -12.247  -11.534   -9.521    0.601
            0.313433  0.542882  0.000000
  -12.399  -11.420   -9.456    0.445
            0.308458  0.534264  0.000000
  -12.559  -11.318   -9.404    0.281
            0.303483  0.525647  0.000000
  -12.724  -11.198   -9.317    0.117
            0.298507  0.517030  0.000000
  -12.893  -11.075   -9.222   -0.049
            0.293532  0.508413  0.000000
  -13.063  -10.960   -9.152   -0.230
            0.288557  0.499796  0.000000
  -13.235  -10.832   -9.043   -0.401
            0.283582  0.491179  0.000000
  -13.408  -10.700   -8.929   -0.573
            0.278607  0.482561  0.000000
  -13.582  -10.566   -8.809   -0.747
            0.273632  0.473944  0.000000
  -13.754  -10.428   -8.685   -0.922
            0.268657  0.465327  0.000000
  -13.926  -10.288   -8.557   -1.097
            0.263682  0.456710  0.000000
  -14.096  -10.145   -8.425   -1.272
            0.258706  0.448093  0.000000
  -14.265   -9.999   -8.290   -1.446
            0.253731  0.439476  0.000000
  -14.422   -9.847   -8.145   -1.615
            0.248756  0.430858  0.000000
  -14.587   -9.695   -8.004   -1.789
            0.243781  0.422241  0.000000
  -14.750   -9.541   -7.860   -1.961
            0.238806  0.413624  0.000000
  -14.911   -9.396   -7.748   -2.133
            0.233831  0.405007  0.000000
  -15.069   -9.236   -7.600   -2.303
            0.228856  0.396390  0.000000
  -15.225   -9.074   -7.450   -2.472
            0.223881  0.387773  0.000000
  -15.378   -8.910   -7.298   -2.638
            0.218905  0.379155  0.000000
  -15.529   -8.743   -7.158   -2.808
            0.213930  0.370538  0.000000
  -15.676   -8.573   -7.003   -2.970
            0.208955  0.361921  0.000000
  -15.819   -8.390   -6.839   -3.126
            0.203980  0.353304  0.000000
  -15.960   -8.213   -6.679   -3.279
            0.199005  0.344687  0.000000
  -16.099   -8.036   -6.520   -3.433
            0.194030  0.336070  0.000000
  -16.235   -7.857   -6.360   -3.585
            0.189055  0.327452  0.000000
  -16.367   -7.675   -6.200   -3.734
            0.184080  0.318835  0.000000
  -16.498   -7.516   -6.053   -3.885
            0.179104  0.310218  0.000000
  -16.617   -7.327   -5.884   -4.025
            0.174129  0.301601  0.000000
  -16.742   -7.152   -5.733   -4.178
            0.169154  0.292984  0.000000
  -16.862   -6.964   -5.572   -4.315
            0.164179  0.284367  0.000000
  -16.979   -6.775   -5.412   -4.448
            0.159204  0.275749  0.000000
  -17.092   -6.584   -5.252   -4.578
            0.154229  0.267132  0.000000
  -17.203   -6.392   -5.094   -4.705
            0.149254  0.258515  0.000000
  -17.309   -6.183   -4.905   -4.825
            0.144279  0.249898  0.000000
  -17.413   -5.988   -4.945   -4.748
            0.139303  0.241281  0.000000
  -17.513   -5.827   -5.072   -4.648
            0.134328  0.232664  0.000000
  -17.610   -5.632   -5.184   -4.496
            0.129353  0.224046  0.000000
  -17.703   -5.452   -5.292   -4.346
            0.124378  0.215429  0.000000
  -17.789   -5.396   -5.253   -4.192
            0.119403  0.206812  0.000000
  -17.876   -5.497   -5.094   -4.047
            0.114428  0.198195  0.000000
  -17.959   -5.593   -4.902   -3.905
            0.109453  0.189578  0.000000
  -18.039   -5.686   -4.710   -3.766
            0.104478  0.180961  0.000000
  -18.115   -5.775   -4.520   -3.630
            0.099502  0.172343  0.000000
  -18.188   -5.860   -4.332   -3.499
            0.094527  0.163726  0.000000
  -18.253   -5.939   -4.151   -3.357
            0.089552  0.155109  0.000000
  -18.319   -6.016   -3.969   -3.234
            0.084577  0.146492  0.000000
  -18.381   -6.089   -3.789   -3.113
            0.079602  0.137875  0.000000
  -18.440   -6.158   -3.614   -3.000
            0.074627  0.129258  0.000000
  -18.495   -6.224   -3.465   -2.909
            0.069652  0.120640  0.000000
  -18.547   -6.285   -3.301   -2.807
            0.064677  0.112023  0.000000
  -18.596   -6.341   -3.142   -2.711
            0.059701  0.103406  0.000000
  -18.640   -6.393   -2.990   -2.620
            0.054726  0.094789  0.000000
  -18.682   -6.442   -2.846   -2.536
            0.049751  0.086172  0.000000
  -18.719   -6.487   -2.761   -2.459
            0.044776  0.077555  0.000000
  -18.753   -6.526   -2.636   -2.388
            0.039801  0.068937  0.000000
  -18.784   -6.562   -2.521   -2.323
            0.034826  0.060320  0.000000
  -18.810   -6.568   -2.414   -2.215
            0.029851  0.051703  0.000000
  -18.833   -6.596   -2.321   -2.164
            0.024876  0.043086  0.000000
  -18.853   -6.619   -2.241   -2.121
            0.019900  0.034469  0.000000
  -18.869   -6.642   -2.198   -2.093
            0.014925  0.025852  0.000000
  -18.882   -6.643   -2.116   -2.033
            0.009950  0.017234  0.000000
  -18.890   -6.652   -2.024   -2.010
            0.004975  0.008617  0.000000
  -18.896   -6.659   -2.002   -1.998
            0.000000  0.000000  0.000000
  -18.898   -6.661   -1.994   -1.994
            0.000000  0.000000  0.010417
  -18.898   -6.661   -1.994   -1.994
            0.000000  0.000000  0.020833
  -18.898   -6.672   -1.994   -1.994
            0.000000  0.000000  0.031250
  -18.898   -6.708   -1.994   -1.994
            0.000000  0.000000  0.041667
  -18.898   -6.703   -1.972   -1.972
            0.000000  0.000000  0.052083
  -18.898   -6.704   -1.972   -1.972
            0.000000  0.000000  0.062500
  -18.898   -6.709   -2.061   -2.061
            0.000000  0.000000  0.072917
  -18.898   -6.709   -2.062   -2.062
            0.000000  0.000000  0.083333
  -18.898   -6.710   -2.063   -2.063
            0.000000  0.000000  0.093750
  -18.898   -6.711   -2.063   -2.063
            0.000000  0.000000  0.104167
  -18.898   -6.711   -2.064   -2.064
            0.000000  0.000000  0.114583
  -18.898   -6.698   -2.057   -2.057
            0.000000  0.000000  0.125000
  -18.898   -6.699   -2.058   -2.058
            0.000000  0.000000  0.135417
  -18.898   -6.699   -2.058   -2.058
            0.000000  0.000000  0.145833
  -18.898   -6.700   -2.059   -2.059
            0.000000  0.000000  0.156250
  -18.898   -6.700   -2.059   -2.059
            0.000000  0.000000  0.166667
  -18.898   -6.700   -2.059   -2.059
            0.008772  0.005064  0.166667
  -18.896   -6.698   -2.067   -2.063
            0.017544  0.010129  0.166667
  -18.891   -6.691   -2.090   -2.075
            0.026316  0.015193  0.166667
  -18.881   -6.680   -2.129   -2.094
            0.035088  0.020258  0.166667
  -18.868   -6.665   -2.183   -2.122
            0.043860  0.025322  0.166667
  -18.851   -6.644   -2.202   -2.152
            0.052632  0.030387  0.166667
  -18.831   -6.619   -2.253   -2.169
            0.061404  0.035451  0.166667
  -18.807   -6.590   -2.353   -2.219
            0.070175  0.040516  0.166667
  -18.779   -6.557   -2.465   -2.275
            0.078947  0.045580  0.166667
  -18.747   -6.520   -2.590   -2.336
            0.087719  0.050645  0.166667
  -18.712   -6.478   -2.727   -2.403
            0.096491  0.055709  0.166667
  -18.673   -6.434   -2.926   -2.478
            0.105263  0.060774  0.166667
  -18.630   -6.383   -3.084   -2.554
            0.114035  0.065838  0.166667
  -18.584   -6.329   -3.251   -2.634
            0.122807  0.070903  0.166667
  -18.534   -6.274   -3.448   -2.751
            0.131579  0.075967  0.166667
  -18.480   -6.210   -3.631   -2.837
            0.140351  0.081032  0.166667
  -18.424   -6.142   -3.792   -2.922
            0.149123  0.086096  0.166667
  -18.363   -6.071   -3.992   -3.013
            0.157895  0.091161  0.166667
  -18.299   -5.995   -4.197   -3.105
            0.166667  0.096225  0.166667
  -18.232   -5.920   -4.415   -3.198
            0.175439  0.101290  0.166667
  -18.160   -5.808   -4.576   -3.277
            0.184211  0.106354  0.166667
  -18.085   -5.719   -4.790   -3.343
            0.192982  0.111418  0.166667
  -18.006   -5.627   -5.014   -3.440
            0.201754  0.116483  0.166667
  -17.923   -5.531   -5.218   -3.531
            0.210526  0.121547  0.166667
  -17.836   -5.451   -5.430   -3.627
            0.219298  0.126612  0.166667
  -17.746   -5.685   -5.326   -3.721
            0.228070  0.131676  0.166667
  -17.656   -5.927   -5.219   -3.815
            0.236842  0.136741  0.166667
  -17.558   -6.147   -5.107   -3.903
            0.245614  0.141805  0.166667
  -17.458   -6.356   -4.991   -3.981
            0.254386  0.146870  0.166667
  -17.354   -6.598   -4.872   -4.070
            0.263158  0.151934  0.166667
  -17.246   -6.841   -4.749   -4.158
            0.271930  0.156999  0.166667
  -17.135   -7.085   -4.627   -4.254
            0.280702  0.162063  0.166667
  -17.022   -7.355   -4.501   -4.338
            0.289474  0.167128  0.166667
  -16.904   -7.570   -4.409   -4.367
            0.298246  0.172192  0.166667
  -16.787   -7.815   -4.500   -4.259
            0.307018  0.177257  0.166667
  -16.663   -8.057   -4.576   -4.120
            0.315789  0.182321  0.166667
  -16.539   -8.299   -4.625   -3.976
            0.324561  0.187386  0.166667
  -16.408   -8.539   -4.696   -3.832
            0.333333  0.192450  0.166667
  -16.274   -8.778   -4.763   -3.686
            0.342105  0.197515  0.166667
  -16.137   -9.015   -4.828   -3.537
            0.350877  0.202579  0.166667
  -15.996   -9.251   -4.889   -3.387
            0.359649  0.207644  0.166667
  -15.854   -9.486   -4.976   -3.237
            0.368421  0.212708  0.166667
  -15.712   -9.718   -5.045   -3.085
            0.377193  0.217772  0.166667
  -15.562   -9.948   -5.097   -2.931
            0.385965  0.222837  0.166667
  -15.410  -10.175   -5.146   -2.778
            0.394737  0.227901  0.166667
  -15.255  -10.387   -5.191   -2.623
            0.403509  0.232966  0.166667
  -15.098  -10.609   -5.233   -2.472
            0.412281  0.238030  0.166667
  -14.939  -10.827   -5.271   -2.324
            0.421053  0.243095  0.166667
  -14.778  -11.041   -5.305   -2.179
            0.429825  0.248159  0.166667
  -14.616  -11.252   -5.336   -2.040
            0.438596  0.253224  0.166667
  -14.453  -11.457   -5.364   -1.909
            0.447368  0.258288  0.166667
  -14.297  -11.660   -5.388   -1.790
            0.456140  0.263353  0.166667
  -14.138  -11.850   -5.408   -1.680
            0.464912  0.268417  0.166667
  -13.985  -12.030   -5.424   -1.583
            0.473684  0.273482  0.166667
  -13.843  -12.192   -5.437   -1.504
            0.482456  0.278546  0.166667
  -13.720  -12.323   -5.429   -1.443
            0.491228  0.283611  0.166667
  -13.631  -12.410   -5.434   -1.383
            0.500000  0.288675  0.166667
  -13.599  -12.445   -5.436   -1.371
            0.494949  0.297423  0.166667
  -13.599  -12.447   -5.461   -1.371
            0.489899  0.306171  0.166667
  -13.595  -12.442   -5.487   -1.364
            0.484848  0.314918  0.166667
  -13.587  -12.444   -5.533   -1.373
            0.479798  0.323666  0.166667
  -13.576  -12.433   -5.592   -1.357
            0.474747  0.332414  0.166667
  -13.562  -12.420   -5.697   -1.338
            0.469697  0.341162  0.166667
  -13.544  -12.403   -5.786   -1.313
            0.464646  0.349909  0.166667
  -13.522  -12.380   -5.875   -1.284
            0.459596  0.358657  0.166667
  -13.498  -12.357   -5.992   -1.250
            0.454545  0.367405  0.166667
  -13.471  -12.331   -6.120   -1.212
            0.449495  0.376152  0.166667
  -13.440  -12.299   -6.210   -1.148
            0.444444  0.384900  0.166667
  -13.406  -12.268   -6.361   -1.102
            0.439394  0.393648  0.166667
  -13.369  -12.234   -6.521   -1.051
            0.434343  0.402396  0.166667
  -13.334  -12.202   -6.703   -0.999
            0.429293  0.411143  0.166667
  -13.290  -12.163   -6.877   -0.940
            0.424242  0.419891  0.166667
  -13.241  -12.122   -7.030   -0.876
            0.419192  0.428639  0.166667
  -13.192  -12.079   -7.215   -0.807
            0.414141  0.437387  0.166667
  -13.139  -12.034   -7.403   -0.734
            0.409091  0.446134  0.166667
  -13.083  -11.988   -7.593   -0.657
            0.404040  0.454882  0.166667
  -13.025  -11.941   -7.798   -0.576
            0.398990  0.463630  0.166667
  -12.963  -11.893   -7.989   -0.490
            0.393939  0.472377  0.166667
  -12.897  -11.846   -8.157   -0.400
            0.388889  0.481125  0.166667
  -12.828  -11.799   -8.346   -0.305
            0.383838  0.489873  0.166667
  -12.755  -11.754   -8.532   -0.207
            0.378788  0.498621  0.166667
  -12.680  -11.712   -8.729   -0.103
            0.373737  0.507368  0.166667
  -12.601  -11.675   -8.901    0.004
            0.368687  0.516116  0.166667
  -12.519  -11.646   -9.064    0.116
            0.363636  0.524864  0.166667
  -12.434  -11.622   -9.213    0.263
            0.358586  0.533612  0.166667
  -12.355  -11.614   -9.340    0.377
            0.353535  0.542359  0.166667
  -12.264  -11.623   -9.455    0.500
            0.348485  0.551107  0.166667
  -12.169  -11.652   -9.546    0.628
            0.343434  0.559855  0.166667
  -12.072  -11.700   -9.596    0.761
            0.338384  0.568603  0.166667
  -11.971  -11.773   -9.636    0.897
            0.333333  0.577350  0.166667
  -11.868  -11.868   -9.648    1.037
            0.328358  0.568733  0.166667
  -11.980  -11.762   -9.637    0.894
            0.323383  0.560116  0.166667
  -12.109  -11.654   -9.605    0.746
            0.318408  0.551499  0.166667
  -12.251  -11.543   -9.555    0.594
            0.313433  0.542882  0.166667
  -12.403  -11.428   -9.491    0.438
            0.308458  0.534264  0.166667
  -12.562  -11.311   -9.414    0.278
            0.303483  0.525647  0.166667
  -12.717  -11.200   -9.348    0.109
            0.298507  0.517030  0.166667
  -12.885  -11.077   -9.253   -0.057
            0.293532  0.508413  0.166667
  -13.056  -10.951   -9.151   -0.226
            0.288557  0.499796  0.166667
  -13.229  -10.822   -9.042   -0.397
            0.283582  0.491179  0.166667
  -13.402  -10.690   -8.928   -0.569
            0.278607  0.482561  0.166667
  -13.573  -10.551   -8.802   -0.738
            0.273632  0.473944  0.166667
  -13.746  -10.413   -8.678   -0.912
            0.268657  0.465327  0.166667
  -13.918  -10.283   -8.582   -1.087
            0.263682  0.456710  0.166667
  -14.088  -10.139   -8.450   -1.262
            0.258706  0.448093  0.166667
  -14.257   -9.993   -8.316   -1.437
            0.253731  0.439476  0.166667
  -14.424   -9.844   -8.178   -1.611
            0.248756  0.430858  0.166667
  -14.593   -9.709   -8.051   -1.803
            0.243781  0.422241  0.166667
  -14.756   -9.547   -7.884   -1.971
            0.238806  0.413624  0.166667
  -14.916   -9.390   -7.739   -2.143
            0.233831  0.405007  0.166667
  -15.074   -9.231   -7.591   -2.313
            0.228856  0.396390  0.166667
  -15.230   -9.069   -7.440   -2.481
            0.223881  0.387773  0.166667
  -15.383   -8.904   -7.288   -2.648
            0.218905  0.379155  0.166667
  -15.533   -8.737   -7.135   -2.812
            0.213930  0.370538  0.166667
  -15.672   -8.564   -6.972   -2.970
            0.208955  0.361921  0.166667
  -15.817   -8.392   -6.816   -3.130
            0.203980  0.353304  0.166667
  -15.959   -8.218   -6.658   -3.287
            0.199005  0.344687  0.166667
  -16.098   -8.041   -6.499   -3.442
            0.194030  0.336070  0.166667
  -16.234   -7.874   -6.377   -3.595
            0.189055  0.327452  0.166667
  -16.366   -7.694   -6.217   -3.744
            0.184080  0.318835  0.166667
  -16.496   -7.520   -6.034   -3.888
            0.179104  0.310218  0.166667
  -16.622   -7.336   -5.873   -4.031
            0.174129  0.301601  0.166667
  -16.745   -7.150   -5.712   -4.171
            0.169154  0.292984  0.166667
  -16.865   -6.962   -5.552   -4.308
            0.164179  0.284367  0.166667
  -16.982   -6.772   -5.391   -4.441
            0.159204  0.275749  0.166667
  -17.096   -6.594   -5.239   -4.571
            0.154229  0.267132  0.166667
  -17.206   -6.403   -5.084   -4.723
            0.149254  0.258515  0.166667
  -17.306   -6.185   -4.910   -4.841
            0.144279  0.249898  0.166667
  -17.410   -5.991   -4.961   -4.754
            0.139303  0.241281  0.166667
  -17.509   -5.795   -5.064   -4.597
            0.134328  0.232664  0.166667
  -17.606   -5.600   -5.176   -4.444
            0.129353  0.224046  0.166667
  -17.700   -5.403   -5.284   -4.293
            0.124378  0.215429  0.166667
  -17.790   -5.389   -5.240   -4.144
            0.119403  0.206812  0.166667
  -17.877   -5.490   -5.045   -3.998
            0.114428  0.198195  0.166667
  -17.960   -5.587   -4.851   -3.854
            0.109453  0.189578  0.166667
  -18.036   -5.685   -4.735   -3.730
            0.104478  0.180961  0.166667
  -18.112   -5.764   -4.544   -3.591
            0.099502  0.172343  0.166667
  -18.185   -5.850   -4.357   -3.459
            0.094527  0.163726  0.166667
  -18.255   -5.931   -4.172   -3.330
            0.089552  0.155109  0.166667
  -18.318   -6.008   -3.987   -3.201
            0.084577  0.146492  0.166667
  -18.380   -6.093   -3.808   -3.082
            0.079602  0.137875  0.166667
  -18.440   -6.163   -3.634   -2.968
            0.074627  0.129258  0.166667
  -18.494   -6.222   -3.476   -2.820
            0.069652  0.120640  0.166667
  -18.546   -6.283   -3.312   -2.717
            0.064677  0.112023  0.166667
  -18.595   -6.342   -3.165   -2.673
            0.059701  0.103406  0.166667
  -18.640   -6.394   -3.013   -2.582
            0.054726  0.094789  0.166667
  -18.681   -6.443   -2.869   -2.498
            0.049751  0.086172  0.166667
  -18.718   -6.486   -2.688   -2.413
            0.044776  0.077555  0.166667
  -18.752   -6.526   -2.561   -2.341
            0.039801  0.068937  0.166667
  -18.783   -6.562   -2.444   -2.277
            0.034826  0.060320  0.166667
  -18.810   -6.594   -2.338   -2.219
            0.029851  0.051703  0.166667
  -18.833   -6.622   -2.271   -2.194
            0.024876  0.043086  0.166667
  -18.853   -6.646   -2.190   -2.152
            0.019900  0.034469  0.166667
  -18.869   -6.666   -2.178   -2.120
            0.014925  0.025852  0.166667
  -18.882   -6.681   -2.126   -2.093
            0.009950  0.017234  0.166667
  -18.891   -6.692   -2.089   -2.074
            0.004975  0.008617  0.166667
  -18.896   -6.698   -2.066   -2.063
            0.000000  0.000000  0.166667
  -18.898   -6.700   -2.059   -2.059
            0.500000  0.288675  0.166667
  -13.599  -12.445   -5.436   -1.371
            0.500000  0.288675  0.156250
  -13.600  -12.445   -5.440   -1.371
            0.500000  0.288675  0.145833
  -13.601  -12.455   -5.441   -1.391
            0.500000  0.288675  0.135417
  -13.601  -12.455   -5.441   -1.391
            0.500000  0.288675  0.125000
  -13.603  -12.458   -5.457   -1.393
            0.500000  0.288675  0.114583
  -13.603  -12.458   -5.457   -1.393
            0.500000  0.288675  0.104167
  -13.603  -12.458   -5.456   -1.392
            0.500000  0.288675  0.093750
  -13.603  -12.458   -5.456   -1.392
            0.500000  0.288675  0.083333
  -13.603  -12.458   -5.449   -1.369
            0.500000  0.288675  0.072917
  -13.603  -12.458   -5.448   -1.368
            0.500000  0.288675  0.062500
  -13.603  -12.458   -5.480   -1.347
            0.500000  0.288675  0.052083
  -13.602  -12.454   -5.478   -1.319
            0.500000  0.288675  0.041667
  -13.601  -12.444   -5.478   -1.316
            0.500000  0.288675  0.031250
  -13.601  -12.445   -5.478   -1.316
            0.500000  0.288675  0.020833
  -13.601  -12.445   -5.478   -1.317
            0.500000  0.288675  0.010417
  -13.600  -12.445   -5.477   -1.317
            0.500000  0.288675  0.000000
  -13.598  -12.444   -5.451   -1.317
            0.333333  0.577350  0.166667
  -11.868  -11.868   -9.648    1.037
            0.333333  0.577350  0.156250
  -11.868  -11.868   -9.648    1.037
            0.333333  0.577350  0.145833
  -11.868  -11.868   -9.648    1.037
            0.333333  0.577350  0.135417
  -11.871  -11.871   -9.648    1.009
            0.333333  0.577350  0.125000
  -11.871  -11.871   -9.648    1.009
            0.333333  0.577350  0.114583
  -11.871  -11.871   -9.648    1.009
            0.333333  0.577350  0.104167
  -11.871  -11.871   -9.648    1.009
            0.333333  0.577350  0.093750
  -11.871  -11.871   -9.647    1.009
            0.333333  0.577350  0.083333
  -11.871  -11.871   -9.646    1.033
            0.333333  0.577350  0.072917
  -11.862  -11.862   -9.627    1.040
            0.333333  0.577350  0.062500
  -11.862  -11.862   -9.627    1.040
            0.333333  0.577350  0.052083
  -11.861  -11.861   -9.615    1.064
            0.333333  0.577350  0.041667
  -11.861  -11.861   -9.615    1.063
            0.333333  0.577350  0.031250
  -11.860  -11.860   -9.606    1.058
            0.333333  0.577350  0.020833
  -11.860  -11.860   -9.607    1.058
            0.333333  0.577350  0.010417
  -11.860  -11.860   -9.607    1.057
            0.333333  0.577350  0.000000
  -11.860  -11.860   -9.607    1.057
